<?xml version="1.0" encoding="UTF-8"?>
<testng-results ignored="0" total="3" passed="3" failed="0" skipped="0">
  <reporter-output>
  </reporter-output>
  <suite started-at="2023-10-27T10:25:22 EDT" name="Suite" finished-at="2023-10-27T10:25:27 EDT" duration-ms="5360">
    <groups>
    </groups>
    <test started-at="2023-10-27T10:25:22 EDT" name="Test" finished-at="2023-10-27T10:25:27 EDT" duration-ms="5360">
      <class name="TestNG_Class.ExTest">
        <test-method is-config="true" signature="beforetest()[pri:0, instance:TestNG_Class.ExTest@1d9bec4d]" started-at="2023-10-27T10:25:22 EDT" name="beforetest" finished-at="2023-10-27T10:25:22 EDT" duration-ms="101" status="PASS">
          <reporter-output>
          </reporter-output>
        </test-method> <!-- beforetest -->
        <test-method is-config="true" signature="IBrowsers(java.lang.String,java.lang.String)[pri:0, instance:TestNG_Class.ExTest@1d9bec4d]" started-at="2023-10-27T10:25:22 EDT" name="IBrowsers" finished-at="2023-10-27T10:25:25 EDT" duration-ms="3420" status="PASS">
          <params>
            <param index="0">
              <value>
                <![CDATA[chrome]]>
              </value>
            </param>
            <param index="1">
              <value>
                <![CDATA[https://www.myntra.com]]>
              </value>
            </param>
          </params>
          <reporter-output>
          </reporter-output>
        </test-method> <!-- IBrowsers -->
        <test-method signature="tc2_Registratin_vatidation()[pri:0, instance:TestNG_Class.ExTest@1d9bec4d]" started-at="2023-10-27T10:25:25 EDT" name="tc2_Registratin_vatidation" finished-at="2023-10-27T10:25:25 EDT" duration-ms="14" status="PASS">
          <reporter-output>
          </reporter-output>
        </test-method> <!-- tc2_Registratin_vatidation -->
        <test-method is-config="true" signature="aftermethod()[pri:0, instance:TestNG_Class.ExTest@1d9bec4d]" started-at="2023-10-27T10:25:26 EDT" name="aftermethod" finished-at="2023-10-27T10:25:26 EDT" duration-ms="1" status="PASS">
          <reporter-output>
          </reporter-output>
        </test-method> <!-- aftermethod -->
        <test-method signature="tc3()[pri:0, instance:TestNG_Class.ExTest@1d9bec4d]" started-at="2023-10-27T10:25:26 EDT" name="tc3" finished-at="2023-10-27T10:25:26 EDT" duration-ms="1" status="PASS">
          <reporter-output>
          </reporter-output>
        </test-method> <!-- tc3 -->
        <test-method is-config="true" signature="aftermethod()[pri:0, instance:TestNG_Class.ExTest@1d9bec4d]" started-at="2023-10-27T10:25:26 EDT" name="aftermethod" finished-at="2023-10-27T10:25:26 EDT" duration-ms="0" status="PASS">
          <reporter-output>
          </reporter-output>
        </test-method> <!-- aftermethod -->
        <test-method signature="tci_validate_login_funtionality()[pri:0, instance:TestNG_Class.ExTest@1d9bec4d]" started-at="2023-10-27T10:25:26 EDT" name="tci_validate_login_funtionality" finished-at="2023-10-27T10:25:26 EDT" duration-ms="0" status="PASS">
          <reporter-output>
          </reporter-output>
        </test-method> <!-- tci_validate_login_funtionality -->
        <test-method is-config="true" signature="afterclass()[pri:0, instance:TestNG_Class.ExTest@1d9bec4d]" started-at="2023-10-27T10:25:27 EDT" name="afterclass" finished-at="2023-10-27T10:25:27 EDT" duration-ms="137" status="PASS">
          <reporter-output>
          </reporter-output>
        </test-method> <!-- afterclass -->
        <test-method is-config="true" signature="aftermethod()[pri:0, instance:TestNG_Class.ExTest@1d9bec4d]" started-at="2023-10-27T10:25:27 EDT" name="aftermethod" finished-at="2023-10-27T10:25:27 EDT" duration-ms="0" status="PASS">
          <reporter-output>
          </reporter-output>
        </test-method> <!-- aftermethod -->
        <test-method is-config="true" signature="sftertest()[pri:0, instance:TestNG_Class.ExTest@1d9bec4d]" started-at="2023-10-27T10:25:27 EDT" name="sftertest" finished-at="2023-10-27T10:25:27 EDT" duration-ms="194" status="PASS">
          <reporter-output>
          </reporter-output>
        </test-method> <!-- sftertest -->
      </class> <!-- TestNG_Class.ExTest -->
    </test> <!-- Test -->
  </suite> <!-- Suite -->
</testng-results>
