<?xml version="1.0" encoding="UTF-8"?>
<!-- Generated by org.testng.reporters.JUnitXMLReporter -->
<testsuite ignored="0" hostname="Maria" failures="0" tests="3" name="Test" time="6.738" errors="0" timestamp="2023-10-29T13:23:55 EDT">
  <testcase classname="TestNG_Class.ExTest" name="tc2_Registratin_vatidation" time="0.009"/>
  <testcase classname="TestNG_Class.ExTest" name="tc3" time="0.001"/>
  <testcase classname="TestNG_Class.ExTest" name="tci_validate_login_funtionality" time="0.001"/>
</testsuite> <!-- Test -->
